This is pdfTeX, Version 3.141592653-2.6-1.40.23 (TeX Live 2021/W32TeX) (preloaded format=pdflatex 2021.7.4)  22 FEB 2022 14:29
entering extended mode
 restricted \write18 enabled.
 %&-line parsing enabled.
**C:/Users/61413/Documents/ready4/Insight/Science/AQoL_6D_TTU/AQoL6D_MAP/Data/R
eal/Reports/Manuscript_Submission/Manuscript.tex

(c:/Users/61413/Documents/ready4/Insight/Science/AQoL_6D_TTU/AQoL6D_MAP/Data/Re
al/Reports/Manuscript_Submission/Manuscript.tex
LaTeX2e <2021-06-01> patch level 1
L3 programming layer <2021-06-18> (./svjour3.cls
Document Class: svjour3 2007/05/08 v3.2 
LaTeX document class for Springer journals
Class Springer-SVJour3 Info: extra/valid Springer sub-package (-> *.clo) 
(Springer-SVJour3)           not found in option list of \documentclass
(Springer-SVJour3)           - autoactivating "global" style.
(./svglov3.clo
File: svglov3.clo 2009/12/18 v3.2 style option for standardised journals
SVJour Class option: svglov3.clo for standardised journals
)
LaTeX Font Info:    Redeclaring math symbol \Gamma on input line 147.
LaTeX Font Info:    Redeclaring math symbol \Delta on input line 148.
LaTeX Font Info:    Redeclaring math symbol \Theta on input line 149.
LaTeX Font Info:    Redeclaring math symbol \Lambda on input line 150.
LaTeX Font Info:    Redeclaring math symbol \Xi on input line 151.
LaTeX Font Info:    Redeclaring math symbol \Pi on input line 152.
LaTeX Font Info:    Redeclaring math symbol \Sigma on input line 153.
LaTeX Font Info:    Redeclaring math symbol \Upsilon on input line 154.
LaTeX Font Info:    Redeclaring math symbol \Phi on input line 155.
LaTeX Font Info:    Redeclaring math symbol \Psi on input line 156.
LaTeX Font Info:    Redeclaring math symbol \Omega on input line 157.
\logodepth=\dimen138
\headerboxheight=\dimen139
\betweenumberspace=\dimen140
\aftertext=\dimen141
\headlineindent=\dimen142
\c@inst=\count182
\c@auth=\count183
\instindent=\dimen143
\authrun=\box50
\authorrunning=\toks16
\titrun=\box51
\titlerunning=\toks17
\combirun=\box52
\c@lastpage=\count184
\rubricwidth=\dimen144
\c@section=\count185
\c@subsection=\count186
\c@subsubsection=\count187
\c@paragraph=\count188
\c@subparagraph=\count189
\spthmsep=\dimen145
\c@theorem=\count190
\c@case=\count191
\c@conjecture=\count192
\c@corollary=\count193
\c@definition=\count194
\c@example=\count195
\c@exercise=\count196
\c@lemma=\count197
\c@note=\count198
\c@problem=\count199
\c@property=\count266
\c@proposition=\count267
\c@question=\count268
\c@solution=\count269
\c@remark=\count270
\c@figure=\count271
\c@table=\count272
\abovecaptionskip=\skip47
\belowcaptionskip=\skip48
\figcapgap=\dimen146
\tabcapgap=\dimen147
\figgap=\dimen148
\bibindent=\dimen149
\@tempcntc=\count273
)
(c:/Users/61413/AppData/Roaming/TinyTeX/texmf-dist/tex/latex/amsmath/amsmath.st
y
Package: amsmath 2021/10/15 v2.17l AMS math features
\@mathmargin=\skip49
For additional information on amsmath, use the `?' option.

(c:/Users/61413/AppData/Roaming/TinyTeX/texmf-dist/tex/latex/amsmath/amstext.st
y
Package: amstext 2021/08/26 v2.01 AMS text

(c:/Users/61413/AppData/Roaming/TinyTeX/texmf-dist/tex/latex/amsmath/amsgen.sty
File: amsgen.sty 1999/11/30 v2.0 generic functions
\@emptytoks=\toks18
\ex@=\dimen150
))
(c:/Users/61413/AppData/Roaming/TinyTeX/texmf-dist/tex/latex/amsmath/amsbsy.sty
Package: amsbsy 1999/11/29 v1.2d Bold Symbols
\pmbraise@=\dimen151
)
(c:/Users/61413/AppData/Roaming/TinyTeX/texmf-dist/tex/latex/amsmath/amsopn.sty
Package: amsopn 2021/08/26 v2.02 operator names
)
\inf@bad=\count274
LaTeX Info: Redefining \frac on input line 234.
\uproot@=\count275
\leftroot@=\count276
LaTeX Info: Redefining \overline on input line 399.
\classnum@=\count277
\DOTSCASE@=\count278
LaTeX Info: Redefining \ldots on input line 496.
LaTeX Info: Redefining \dots on input line 499.
LaTeX Info: Redefining \cdots on input line 620.
\Mathstrutbox@=\box53
\strutbox@=\box54
\big@size=\dimen152
LaTeX Font Info:    Redeclaring font encoding OML on input line 743.
LaTeX Font Info:    Redeclaring font encoding OMS on input line 744.
\macc@depth=\count279
\c@MaxMatrixCols=\count280
\dotsspace@=\muskip16
\c@parentequation=\count281
\dspbrk@lvl=\count282
\tag@help=\toks19
\row@=\count283
\column@=\count284
\maxfields@=\count285
\andhelp@=\toks20
\eqnshift@=\dimen153
\alignsep@=\dimen154
\tagshift@=\dimen155
\tagwidth@=\dimen156
\totwidth@=\dimen157
\lineht@=\dimen158
\@envbody=\toks21
\multlinegap=\skip50
\multlinetaggap=\skip51
\mathdisplay@stack=\toks22
LaTeX Info: Redefining \[ on input line 2938.
LaTeX Info: Redefining \] on input line 2939.
)
(c:/Users/61413/AppData/Roaming/TinyTeX/texmf-dist/tex/latex/graphics/graphicx.
sty
Package: graphicx 2021/09/16 v1.2d Enhanced LaTeX Graphics (DPC,SPQR)

(c:/Users/61413/AppData/Roaming/TinyTeX/texmf-dist/tex/latex/graphics/keyval.st
y
Package: keyval 2014/10/28 v1.15 key=value parser (DPC)
\KV@toks@=\toks23
)
(c:/Users/61413/AppData/Roaming/TinyTeX/texmf-dist/tex/latex/graphics/graphics.
sty
Package: graphics 2021/03/04 v1.4d Standard LaTeX Graphics (DPC,SPQR)
(c:/Users/61413/AppData/Roaming/TinyTeX/texmf-dist/tex/latex/graphics/trig.sty
Package: trig 2021/08/11 v1.11 sin cos tan (DPC)
)
(c:/Users/61413/AppData/Roaming/TinyTeX/texmf-dist/tex/latex/graphics-cfg/graph
ics.cfg
File: graphics.cfg 2016/06/04 v1.11 sample graphics configuration
)
Package graphics Info: Driver file: pdftex.def on input line 107.

(c:/Users/61413/AppData/Roaming/TinyTeX/texmf-dist/tex/latex/graphics-def/pdfte
x.def
File: pdftex.def 2020/10/05 v1.2a Graphics/color driver for pdftex
))
\Gin@req@height=\dimen159
\Gin@req@width=\dimen160
) (c:/Users/61413/AppData/Roaming/TinyTeX/texmf-dist/tex/latex/base/inputenc.st
y
Package: inputenc 2021/02/14 v1.3d Input encoding file
\inpenc@prehook=\toks24
\inpenc@posthook=\toks25
) (c:/Users/61413/AppData/Roaming/TinyTeX/texmf-dist/tex/latex/url/url.sty
\Urlmuskip=\muskip17
Package: url 2013/09/16  ver 3.4  Verb mode for urls, etc.
)
(c:/Users/61413/AppData/Roaming/TinyTeX/texmf-dist/tex/latex/hyperref/hyperref.
sty
Package: hyperref 2021-06-07 v7.00m Hypertext links for LaTeX

(c:/Users/61413/AppData/Roaming/TinyTeX/texmf-dist/tex/generic/ltxcmds/ltxcmds.
sty
Package: ltxcmds 2020-05-10 v1.25 LaTeX kernel commands for general use (HO)
) (c:/Users/61413/AppData/Roaming/TinyTeX/texmf-dist/tex/generic/iftex/iftex.st
y
Package: iftex 2022/02/03 v1.0f TeX engine tests
)
(c:/Users/61413/AppData/Roaming/TinyTeX/texmf-dist/tex/generic/pdftexcmds/pdfte
xcmds.sty
Package: pdftexcmds 2020-06-27 v0.33 Utility functions of pdfTeX for LuaTeX (HO
)

(c:/Users/61413/AppData/Roaming/TinyTeX/texmf-dist/tex/generic/infwarerr/infwar
err.sty
Package: infwarerr 2019/12/03 v1.5 Providing info/warning/error messages (HO)
)
Package pdftexcmds Info: \pdf@primitive is available.
Package pdftexcmds Info: \pdf@ifprimitive is available.
Package pdftexcmds Info: \pdfdraftmode found.
)
(c:/Users/61413/AppData/Roaming/TinyTeX/texmf-dist/tex/generic/kvsetkeys/kvsetk
eys.sty
Package: kvsetkeys 2019/12/15 v1.18 Key value parser (HO)
)
(c:/Users/61413/AppData/Roaming/TinyTeX/texmf-dist/tex/generic/kvdefinekeys/kvd
efinekeys.sty
Package: kvdefinekeys 2019-12-19 v1.6 Define keys (HO)
)
(c:/Users/61413/AppData/Roaming/TinyTeX/texmf-dist/tex/generic/pdfescape/pdfesc
ape.sty
Package: pdfescape 2019/12/09 v1.15 Implements pdfTeX's escape features (HO)
)
(c:/Users/61413/AppData/Roaming/TinyTeX/texmf-dist/tex/latex/hycolor/hycolor.st
y
Package: hycolor 2020-01-27 v1.10 Color options for hyperref/bookmark (HO)
)
(c:/Users/61413/AppData/Roaming/TinyTeX/texmf-dist/tex/latex/letltxmacro/letltx
macro.sty
Package: letltxmacro 2019/12/03 v1.6 Let assignment for LaTeX macros (HO)
)
(c:/Users/61413/AppData/Roaming/TinyTeX/texmf-dist/tex/latex/auxhook/auxhook.st
y
Package: auxhook 2019-12-17 v1.6 Hooks for auxiliary files (HO)
)
(c:/Users/61413/AppData/Roaming/TinyTeX/texmf-dist/tex/latex/kvoptions/kvoption
s.sty
Package: kvoptions 2020-10-07 v3.14 Key value format for package options (HO)
)
\@linkdim=\dimen161
\Hy@linkcounter=\count286
\Hy@pagecounter=\count287

(c:/Users/61413/AppData/Roaming/TinyTeX/texmf-dist/tex/latex/hyperref/pd1enc.de
f
File: pd1enc.def 2021-06-07 v7.00m Hyperref: PDFDocEncoding definition (HO)
Now handling font encoding PD1 ...
... no UTF-8 mapping file for font encoding PD1
)
(c:/Users/61413/AppData/Roaming/TinyTeX/texmf-dist/tex/latex/hyperref/hyperref-
langpatches.def
File: hyperref-langpatches.def 2021-06-07 v7.00m Hyperref: patches for babel la
nguages
)
(c:/Users/61413/AppData/Roaming/TinyTeX/texmf-dist/tex/generic/intcalc/intcalc.
sty
Package: intcalc 2019/12/15 v1.3 Expandable calculations with integers (HO)
)
(c:/Users/61413/AppData/Roaming/TinyTeX/texmf-dist/tex/generic/etexcmds/etexcmd
s.sty
Package: etexcmds 2019/12/15 v1.7 Avoid name clashes with e-TeX commands (HO)
)
\Hy@SavedSpaceFactor=\count288

(c:/Users/61413/AppData/Roaming/TinyTeX/texmf-dist/tex/latex/hyperref/puenc.def
File: puenc.def 2021-06-07 v7.00m Hyperref: PDF Unicode definition (HO)
Now handling font encoding PU ...
... no UTF-8 mapping file for font encoding PU
)
Package hyperref Info: Hyper figures OFF on input line 4192.
Package hyperref Info: Link nesting OFF on input line 4197.
Package hyperref Info: Hyper index ON on input line 4200.
Package hyperref Info: Plain pages OFF on input line 4207.
Package hyperref Info: Backreferencing OFF on input line 4212.
Package hyperref Info: Implicit mode ON; LaTeX internals redefined.
Package hyperref Info: Bookmarks ON on input line 4445.
\c@Hy@tempcnt=\count289
LaTeX Info: Redefining \url on input line 4804.
\XeTeXLinkMargin=\dimen162

(c:/Users/61413/AppData/Roaming/TinyTeX/texmf-dist/tex/generic/bitset/bitset.st
y
Package: bitset 2019/12/09 v1.3 Handle bit-vector datatype (HO)

(c:/Users/61413/AppData/Roaming/TinyTeX/texmf-dist/tex/generic/bigintcalc/bigin
tcalc.sty
Package: bigintcalc 2019/12/15 v1.5 Expandable calculations on big integers (HO
)
))
\Fld@menulength=\count290
\Field@Width=\dimen163
\Fld@charsize=\dimen164
Package hyperref Info: Hyper figures OFF on input line 6076.
Package hyperref Info: Link nesting OFF on input line 6081.
Package hyperref Info: Hyper index ON on input line 6084.
Package hyperref Info: backreferencing OFF on input line 6091.
Package hyperref Info: Link coloring OFF on input line 6096.
Package hyperref Info: Link coloring with OCG OFF on input line 6101.
Package hyperref Info: PDF/A mode OFF on input line 6106.
LaTeX Info: Redefining \ref on input line 6146.
LaTeX Info: Redefining \pageref on input line 6150.

(c:/Users/61413/AppData/Roaming/TinyTeX/texmf-dist/tex/latex/base/atbegshi-ltx.
sty
Package: atbegshi-ltx 2021/01/10 v1.0c Emulation of the original atbegshi
package with kernel methods
)
\Hy@abspage=\count291
\c@Item=\count292
\c@Hfootnote=\count293
)
Package hyperref Info: Driver (autodetected): hpdftex.

(c:/Users/61413/AppData/Roaming/TinyTeX/texmf-dist/tex/latex/hyperref/hpdftex.d
ef
File: hpdftex.def 2021-06-07 v7.00m Hyperref driver for pdfTeX

(c:/Users/61413/AppData/Roaming/TinyTeX/texmf-dist/tex/latex/base/atveryend-ltx
.sty
Package: atveryend-ltx 2020/08/19 v1.0a Emulation of the original atveryend pac
kage
with kernel methods
)
\Fld@listcount=\count294
\c@bookmark@seq@number=\count295

(c:/Users/61413/AppData/Roaming/TinyTeX/texmf-dist/tex/latex/rerunfilecheck/rer
unfilecheck.sty
Package: rerunfilecheck 2019/12/05 v1.9 Rerun checks for auxiliary files (HO)

(c:/Users/61413/AppData/Roaming/TinyTeX/texmf-dist/tex/generic/uniquecounter/un
iquecounter.sty
Package: uniquecounter 2019/12/15 v1.4 Provide unlimited unique counter (HO)
)
Package uniquecounter Info: New unique counter `rerunfilecheck' on input line 2
86.
)
\Hy@SectionHShift=\skip52
)
(c:/Users/61413/AppData/Roaming/TinyTeX/texmf-dist/tex/latex/tools/longtable.st
y
Package: longtable 2021-09-01 v4.17 Multi-page Table package (DPC)
\LTleft=\skip53
\LTright=\skip54
\LTpre=\skip55
\LTpost=\skip56
\LTchunksize=\count296
\LTcapwidth=\dimen165
\LT@head=\box55
\LT@firsthead=\box56
\LT@foot=\box57
\LT@lastfoot=\box58
\LT@gbox=\box59
\LT@cols=\count297
\LT@rows=\count298
\c@LT@tables=\count299
\c@LT@chunks=\count300
\LT@p@ftn=\toks26
)
(c:/Users/61413/AppData/Roaming/TinyTeX/texmf-dist/tex/latex/booktabs/booktabs.
sty
Package: booktabs 2020/01/12 v1.61803398 Publication quality tables
\heavyrulewidth=\dimen166
\lightrulewidth=\dimen167
\cmidrulewidth=\dimen168
\belowrulesep=\dimen169
\belowbottomsep=\dimen170
\aboverulesep=\dimen171
\abovetopsep=\dimen172
\cmidrulesep=\dimen173
\cmidrulekern=\dimen174
\defaultaddspace=\dimen175
\@cmidla=\count301
\@cmidlb=\count302
\@aboverulesep=\dimen176
\@belowrulesep=\dimen177
\@thisruleclass=\count303
\@lastruleclass=\count304
\@thisrulewidth=\dimen178
) (c:/Users/61413/AppData/Roaming/TinyTeX/texmf-dist/tex/latex/tools/array.sty
Package: array 2021/10/04 v2.5f Tabular extension package (FMi)
\col@sep=\dimen179
\ar@mcellbox=\box60
\extrarowheight=\dimen180
\NC@list=\toks27
\extratabsurround=\skip57
\backup@length=\skip58
\ar@cellbox=\box61
) (c:/Users/61413/AppData/Roaming/TinyTeX/texmf-dist/tex/latex/tools/calc.sty
Package: calc 2017/05/25 v4.3 Infix arithmetic (KKT,FJ)
\calc@Acount=\count305
\calc@Bcount=\count306
\calc@Adimen=\dimen181
\calc@Bdimen=\dimen182
\calc@Askip=\skip59
\calc@Bskip=\skip60
LaTeX Info: Redefining \setlength on input line 80.
LaTeX Info: Redefining \addtolength on input line 81.
\calc@Ccount=\count307
\calc@Cskip=\skip61
)
(c:/Users/61413/AppData/Roaming/TinyTeX/texmf-dist/tex/latex/etoolbox/etoolbox.
sty
Package: etoolbox 2020/10/05 v2.5k e-TeX tools for LaTeX (JAW)
\etb@tempcnta=\count308
)
(c:/Users/61413/AppData/Roaming/TinyTeX/texmf-dist/tex/latex/mdwtools/footnote.
sty
Package: footnote 1997/01/28 1.13 Save footnotes around boxes
\fn@notes=\box62
\fn@width=\dimen183
) (c:/Users/61413/AppData/Roaming/TinyTeX/texmf-dist/tex/latex/float/float.sty
Package: float 2001/11/08 v1.3d Float enhancements (AL)
\c@float@type=\count309
\float@exts=\toks28
\float@box=\box63
\@float@everytoks=\toks29
\@floatcapt=\box64
)
(c:/Users/61413/AppData/Roaming/TinyTeX/texmf-dist/tex/latex/graphics/lscape.st
y
Package: lscape 2020/05/28 v3.02 Landscape Pages (DPC)
)
(c:/Users/61413/AppData/Roaming/TinyTeX/texmf-dist/tex/latex/multirow/multirow.
sty
Package: multirow 2021/03/15 v2.8 Span multiple rows of a table
\multirow@colwidth=\skip62
\multirow@cntb=\count310
\multirow@dima=\skip63
\bigstrutjot=\dimen184
)
(c:/Users/61413/AppData/Roaming/TinyTeX/texmf-dist/tex/latex/wrapfig/wrapfig.st
y
\wrapoverhang=\dimen185
\WF@size=\dimen186
\c@WF@wrappedlines=\count311
\WF@box=\box65
\WF@everypar=\toks30
Package: wrapfig 2003/01/31  v 3.6
)
(c:/Users/61413/AppData/Roaming/TinyTeX/texmf-dist/tex/latex/colortbl/colortbl.
sty
Package: colortbl 2020/01/04 v1.0e Color table columns (DPC)

(c:/Users/61413/AppData/Roaming/TinyTeX/texmf-dist/tex/latex/graphics/color.sty
Package: color 2021/12/07 v1.3c Standard LaTeX Color (DPC)

(c:/Users/61413/AppData/Roaming/TinyTeX/texmf-dist/tex/latex/graphics-cfg/color
.cfg
File: color.cfg 2016/01/02 v1.6 sample color configuration
)
Package color Info: Driver file: pdftex.def on input line 149.
)
\everycr=\toks31
\minrowclearance=\skip64
)
(c:/Users/61413/AppData/Roaming/TinyTeX/texmf-dist/tex/latex/pdflscape/pdflscap
e.sty
Package: pdflscape 2019/12/05 v0.12 Display of landscape pages in PDF (HO)
Package pdflscape Info: Auto-detected driver: pdftex on input line 81.
) (c:/Users/61413/AppData/Roaming/TinyTeX/texmf-dist/tex/latex/tabu/tabu.sty
Package: tabu 2019/01/11 v2.9 - flexible LaTeX tabulars (FC+tabu-fixed)

(c:/Users/61413/AppData/Roaming/TinyTeX/texmf-dist/tex/latex/varwidth/varwidth.
sty
Package: varwidth 2009/03/30 ver 0.92;  Variable-width minipages
\@vwid@box=\box66
\sift@deathcycles=\count312
\@vwid@loff=\dimen187
\@vwid@roff=\dimen188
)
\c@taburow=\count313
\tabu@nbcols=\count314
\tabu@cnt=\count315
\tabu@Xcol=\count316
\tabu@alloc=\count317
\tabu@nested=\count318
\tabu@target=\dimen189
\tabu@spreadtarget=\dimen190
\tabu@naturalX=\dimen191
\tabucolX=\dimen192
\tabu@Xsum=\dimen193
\extrarowdepth=\dimen194
\abovetabulinesep=\dimen195
\belowtabulinesep=\dimen196
\tabustrutrule=\dimen197
\tabu@thebody=\toks32
\tabu@footnotes=\toks33
\tabu@box=\box67
\tabu@arstrutbox=\box68
\tabu@hleads=\box69
\tabu@vleads=\box70
\tabu@cellskip=\skip65
)
(c:/Users/61413/AppData/Roaming/TinyTeX/texmf-dist/tex/latex/threeparttable/thr
eeparttable.sty
Package: threeparttable 2003/06/13  v 3.0
\@tempboxb=\box71
)
(c:/Users/61413/AppData/Roaming/TinyTeX/texmf-dist/tex/latex/threeparttablex/th
reeparttablex.sty
Package: threeparttablex 2013/07/23 v0.3 by daleif

(c:/Users/61413/AppData/Roaming/TinyTeX/texmf-dist/tex/latex/environ/environ.st
y
Package: environ 2014/05/04 v0.3 A new way to define environments

(c:/Users/61413/AppData/Roaming/TinyTeX/texmf-dist/tex/latex/trimspaces/trimspa
ces.sty
Package: trimspaces 2009/09/17 v1.1 Trim spaces around a token list
))
\TPTL@width=\skip66
) (c:/Users/61413/AppData/Roaming/TinyTeX/texmf-dist/tex/generic/ulem/ulem.sty
\UL@box=\box72
\UL@hyphenbox=\box73
\UL@skip=\skip67
\UL@hook=\toks34
\UL@height=\dimen198
\UL@pe=\count319
\UL@pixel=\dimen199
\ULC@box=\box74
Package: ulem 2019/11/18
\ULdepth=\dimen256
)
(c:/Users/61413/AppData/Roaming/TinyTeX/texmf-dist/tex/latex/makecell/makecell.
sty
Package: makecell 2009/08/03 V0.1e Managing of Tab Column Heads and Cells
\rotheadsize=\dimen257
\c@nlinenum=\count320
\TeXr@lab=\toks35
) (c:/Users/61413/AppData/Roaming/TinyTeX/texmf-dist/tex/latex/xcolor/xcolor.st
y
Package: xcolor 2021/10/31 v2.13 LaTeX color extensions (UK)

(c:/Users/61413/AppData/Roaming/TinyTeX/texmf-dist/tex/latex/graphics-cfg/color
.cfg
File: color.cfg 2016/01/02 v1.6 sample color configuration
)
Package xcolor Info: Driver file: pdftex.def on input line 227.
LaTeX Info: Redefining \color on input line 711.
Package xcolor Info: Model `cmy' substituted by `cmy0' on input line 1352.
Package xcolor Info: Model `hsb' substituted by `rgb' on input line 1356.
Package xcolor Info: Model `RGB' extended on input line 1368.
Package xcolor Info: Model `HTML' substituted by `rgb' on input line 1370.
Package xcolor Info: Model `Hsb' substituted by `hsb' on input line 1371.
Package xcolor Info: Model `tHsb' substituted by `hsb' on input line 1372.
Package xcolor Info: Model `HSB' substituted by `hsb' on input line 1373.
Package xcolor Info: Model `Gray' substituted by `gray' on input line 1374.
Package xcolor Info: Model `wave' substituted by `hsb' on input line 1375.
)
(c:/Users/61413/AppData/Roaming/TinyTeX/texmf-dist/tex/latex/l3backend/l3backen
d-pdftex.def
File: l3backend-pdftex.def 2022-02-07 L3 backend support: PDF output (pdfTeX)
\l__color_backend_stack_int=\count321
\l__pdf_internal_box=\box75
) (./Manuscript.aux

LaTeX Warning: Label `tab:cfscl' multiply defined.


LaTeX Warning: Label `tab:cfscl' multiply defined.

)
\openout1 = `Manuscript.aux'.

LaTeX Font Info:    Checking defaults for OML/cmm/m/it on input line 87.
LaTeX Font Info:    ... okay on input line 87.
LaTeX Font Info:    Checking defaults for OMS/cmsy/m/n on input line 87.
LaTeX Font Info:    ... okay on input line 87.
LaTeX Font Info:    Checking defaults for OT1/cmr/m/n on input line 87.
LaTeX Font Info:    ... okay on input line 87.
LaTeX Font Info:    Checking defaults for T1/cmr/m/n on input line 87.
LaTeX Font Info:    ... okay on input line 87.
LaTeX Font Info:    Checking defaults for TS1/cmr/m/n on input line 87.
LaTeX Font Info:    ... okay on input line 87.
LaTeX Font Info:    Checking defaults for OMX/cmex/m/n on input line 87.
LaTeX Font Info:    ... okay on input line 87.
LaTeX Font Info:    Checking defaults for U/cmr/m/n on input line 87.
LaTeX Font Info:    ... okay on input line 87.
LaTeX Font Info:    Checking defaults for PD1/pdf/m/n on input line 87.
LaTeX Font Info:    ... okay on input line 87.
LaTeX Font Info:    Checking defaults for PU/pdf/m/n on input line 87.
LaTeX Font Info:    ... okay on input line 87.
Unknown journal: specify \journalname{<name of your journal>} in preambel


(c:/Users/61413/AppData/Roaming/TinyTeX/texmf-dist/tex/latex/epstopdf-pkg/epsto
pdf-base.sty
Package: epstopdf-base 2020-01-24 v2.11 Base part for package epstopdf
Package epstopdf-base Info: Redefining graphics rule for `.eps' on input line 4
85.

(c:/Users/61413/AppData/Roaming/TinyTeX/texmf-dist/tex/latex/latexconfig/epstop
df-sys.cfg
File: epstopdf-sys.cfg 2010/07/13 v1.3 Configuration of (r)epstopdf for TeX Liv
e
))
Package hyperref Info: Link coloring OFF on input line 87.

(c:/Users/61413/AppData/Roaming/TinyTeX/texmf-dist/tex/latex/hyperref/nameref.s
ty
Package: nameref 2021-04-02 v2.47 Cross-referencing by name of section

(c:/Users/61413/AppData/Roaming/TinyTeX/texmf-dist/tex/latex/refcount/refcount.
sty
Package: refcount 2019/12/15 v3.6 Data extraction from label references (HO)
)
(c:/Users/61413/AppData/Roaming/TinyTeX/texmf-dist/tex/generic/gettitlestring/g
ettitlestring.sty
Package: gettitlestring 2019/12/15 v1.6 Cleanup title references (HO)
)
\c@section@level=\count322
)
LaTeX Info: Redefining \ref on input line 87.
LaTeX Info: Redefining \pageref on input line 87.
LaTeX Info: Redefining \nameref on input line 87.
(./Manuscript.out) (./Manuscript.out)
\@outlinefile=\write3
\openout3 = `Manuscript.out'.

SVJour3 warning: Missing \journalname

LaTeX Font Warning: Font shape `OT1/cmr/bx/n' in size <13> not available
(Font)              size <12> substituted on input line 107.


Underfull \hbox (badness 10000) in paragraph at lines 109--118

 []


Underfull \vbox (badness 1939) has occurred while \output is active []

[1{c:/Users/61413/AppData/Roaming/TinyTeX/texmf-var/fonts/map/pdftex/updmap/pdf
tex.map}] [2] [3]
Overfull \hbox (10.25063pt too wide) in paragraph at lines 164--165
[]\OT1/cmr/m/n/10 The Pa-tient Health Questionnaire-9 (PHQ-9; (Kroenke, Spitzer
, and Williams
 []

[4] [5] [6] [7]
LaTeX Font Info:    Trying to load font information for OML+cmr on input line 2
54.
(c:/Users/61413/AppData/Roaming/TinyTeX/texmf-dist/tex/latex/base/omlcmr.fd
File: omlcmr.fd 2019/12/16 v2.5j Standard LaTeX font definitions
)
LaTeX Font Info:    Font shape `OML/cmr/m/it' in size <10> not available
(Font)              Font shape `OML/cmm/m/it' tried instead on input line 254.
[8] [9]
Overfull \hbox (3.13947pt too wide) in paragraph at lines 283--284
\OT1/cmr/m/n/10 nomic eval-u-a-tion types (e.g., Cost Con-se-quence Anal-y-sis 
and Cost-Effectiveness
 []

[10] [11] [12] [13]
Overfull \hbox (1.38844pt too wide) in paragraph at lines 325--327
\OT1/cmr/m/n/10 for Child Anx-i-ety Re-lated Emo-tional Dis-or-ders (Scared): A
 Repli-ca-tion Study.''
 []


Overfull \hbox (16.38098pt too wide) in paragraph at lines 355--357
[][]\OT1/cmr/m/n/10 ---------. 2022b. \OT1/cmr/m/it/10 Scorz: Score Ques-tion-n
aire Item Re-sponses \OT1/cmr/m/n/10 (ver-sion 0.0.0.9048).
 []


Overfull \hbox (14.06497pt too wide) in paragraph at lines 361--363
[][]\OT1/cmr/m/n/10 ---------. 2022d. \OT1/cmr/m/it/10 youth-vars: De-scribe an
d Val-i-date Youth Men-tal Health Datasets
 []

[14] [15]
Overfull \hbox (12.20888pt too wide) in paragraph at lines 406--408
[][]\OT1/cmr/m/n/10 Neumann, Pe-ter J., Sue J. Goldie, and Mil-ton C. We-in-ste
in. 2000. ``Preference-
 []

[16]
Overfull \hbox (1.41669pt too wide) in paragraph at lines 442--442
[]|\OT1/cmr/m/n/8 (16.000 
 []


Overfull \hbox (1.41669pt too wide) in paragraph at lines 442--442
\OT1/cmr/m/n/8 20.000)|  
 []


Overfull \hbox (1.41669pt too wide) in paragraph at lines 442--443
[]|\OT1/cmr/m/n/8 (16.000 
 []


Overfull \hbox (1.41669pt too wide) in paragraph at lines 442--443
\OT1/cmr/m/n/8 21.000)|  
 []


Overfull \hbox (2.36115pt too wide) in paragraph at lines 448--448
[]|\OT1/cmr/m/n/8 653.000|  
 []


Overfull \hbox (11.80573pt too wide) in paragraph at lines 448--448
[]|\OT1/cmr/m/n/8 (62.131%)|  
 []


Overfull \hbox (2.36115pt too wide) in paragraph at lines 448--448
[]|\OT1/cmr/m/n/8 398.000|  
 []


Overfull \hbox (11.80573pt too wide) in paragraph at lines 448--449
[]|\OT1/cmr/m/n/8 (63.175%)|  
 []


Overfull \hbox (2.36115pt too wide) in paragraph at lines 450--450
[]|\OT1/cmr/m/n/8 359.000|  
 []


Overfull \hbox (11.80573pt too wide) in paragraph at lines 450--450
[]|\OT1/cmr/m/n/8 (34.158%)|  
 []


Overfull \hbox (2.36115pt too wide) in paragraph at lines 450--450
[]|\OT1/cmr/m/n/8 207.000|  
 []


Overfull \hbox (11.80573pt too wide) in paragraph at lines 450--451
[]|\OT1/cmr/m/n/8 (32.857%)|  
 []


Overfull \hbox (7.55566pt too wide) in paragraph at lines 452--452
[]|\OT1/cmr/m/n/8 (3.711%)|  
 []


Overfull \hbox (7.55566pt too wide) in paragraph at lines 452--453
[]|\OT1/cmr/m/n/8 (3.968%)|  
 []


Overfull \hbox (2.36115pt too wide) in paragraph at lines 456--456
[]|\OT1/cmr/m/n/8 695.000|  
 []


Overfull \hbox (11.80573pt too wide) in paragraph at lines 456--456
[]|\OT1/cmr/m/n/8 (66.699%)|  
 []


Overfull \hbox (2.36115pt too wide) in paragraph at lines 456--456
[]|\OT1/cmr/m/n/8 426.000|  
 []


Overfull \hbox (11.80573pt too wide) in paragraph at lines 456--457
[]|\OT1/cmr/m/n/8 (68.269%)|  
 []


Overfull \hbox (2.36115pt too wide) in paragraph at lines 458--458
[]|\OT1/cmr/m/n/8 347.000|  
 []


Overfull \hbox (11.80573pt too wide) in paragraph at lines 458--458
[]|\OT1/cmr/m/n/8 (33.301%)|  
 []


Overfull \hbox (2.36115pt too wide) in paragraph at lines 458--458
[]|\OT1/cmr/m/n/8 198.000|  
 []


Overfull \hbox (11.80573pt too wide) in paragraph at lines 458--459
[]|\OT1/cmr/m/n/8 (31.731%)|  
 []


Overfull \hbox (2.36115pt too wide) in paragraph at lines 462--462
[]|\OT1/cmr/m/n/8 738.000|  
 []


Overfull \hbox (11.80573pt too wide) in paragraph at lines 462--462
[]|\OT1/cmr/m/n/8 (71.860%)|  
 []


Overfull \hbox (2.36115pt too wide) in paragraph at lines 462--462
[]|\OT1/cmr/m/n/8 431.000|  
 []


Overfull \hbox (11.80573pt too wide) in paragraph at lines 462--463
[]|\OT1/cmr/m/n/8 (69.516%)|  
 []


Overfull \hbox (2.36115pt too wide) in paragraph at lines 464--464
[]|\OT1/cmr/m/n/8 289.000|  
 []


Overfull \hbox (11.80573pt too wide) in paragraph at lines 464--464
[]|\OT1/cmr/m/n/8 (28.140%)|  
 []


Overfull \hbox (2.36115pt too wide) in paragraph at lines 464--464
[]|\OT1/cmr/m/n/8 189.000|  
 []


Overfull \hbox (11.80573pt too wide) in paragraph at lines 464--465
[]|\OT1/cmr/m/n/8 (30.484%)|  
 []


Overfull \hbox (2.36115pt too wide) in paragraph at lines 468--468
[]|\OT1/cmr/m/n/8 671.000|  
 []


Overfull \hbox (11.80573pt too wide) in paragraph at lines 468--468
[]|\OT1/cmr/m/n/8 (62.828%)|  
 []


Overfull \hbox (2.36115pt too wide) in paragraph at lines 468--468
[]|\OT1/cmr/m/n/8 382.000|  
 []


Overfull \hbox (11.80573pt too wide) in paragraph at lines 468--469
[]|\OT1/cmr/m/n/8 (59.409%)|  
 []


Overfull \hbox (2.36115pt too wide) in paragraph at lines 470--470
[]|\OT1/cmr/m/n/8 397.000|  
 []


Overfull \hbox (11.80573pt too wide) in paragraph at lines 470--470
[]|\OT1/cmr/m/n/8 (37.172%)|  
 []


Overfull \hbox (2.36115pt too wide) in paragraph at lines 470--470
[]|\OT1/cmr/m/n/8 261.000|  
 []


Overfull \hbox (11.80573pt too wide) in paragraph at lines 470--471
[]|\OT1/cmr/m/n/8 (40.591%)|  
 []


Overfull \hbox (2.36115pt too wide) in paragraph at lines 474--474
[]|\OT1/cmr/m/n/8 405.000|  
 []


Overfull \hbox (11.80573pt too wide) in paragraph at lines 474--474
[]|\OT1/cmr/m/n/8 (39.093%)|  
 []


Overfull \hbox (2.36115pt too wide) in paragraph at lines 474--474
[]|\OT1/cmr/m/n/8 247.000|  
 []


Overfull \hbox (11.80573pt too wide) in paragraph at lines 474--475
[]|\OT1/cmr/m/n/8 (39.711%)|  
 []


Overfull \hbox (2.36115pt too wide) in paragraph at lines 476--476
[]|\OT1/cmr/m/n/8 167.000|  
 []


Overfull \hbox (11.80573pt too wide) in paragraph at lines 476--476
[]|\OT1/cmr/m/n/8 (16.120%)|  
 []


Overfull \hbox (11.80573pt too wide) in paragraph at lines 476--477
[]|\OT1/cmr/m/n/8 (14.630%)|  
 []


Overfull \hbox (2.36115pt too wide) in paragraph at lines 478--478
[]|\OT1/cmr/m/n/8 305.000|  
 []


Overfull \hbox (11.80573pt too wide) in paragraph at lines 478--478
[]|\OT1/cmr/m/n/8 (29.440%)|  
 []


Overfull \hbox (2.36115pt too wide) in paragraph at lines 478--478
[]|\OT1/cmr/m/n/8 193.000|  
 []


Overfull \hbox (11.80573pt too wide) in paragraph at lines 478--479
[]|\OT1/cmr/m/n/8 (31.029%)|  
 []


Overfull \hbox (2.36115pt too wide) in paragraph at lines 480--480
[]|\OT1/cmr/m/n/8 159.000|  
 []


Overfull \hbox (11.80573pt too wide) in paragraph at lines 480--480
[]|\OT1/cmr/m/n/8 (15.347%)|  
 []


Overfull \hbox (11.80573pt too wide) in paragraph at lines 480--481
[]|\OT1/cmr/m/n/8 (14.630%)|  
 []


Overfull \hbox (2.36115pt too wide) in paragraph at lines 484--484
[]|\OT1/cmr/m/n/8 182.000|  
 []


Overfull \hbox (11.80573pt too wide) in paragraph at lines 484--484
[]|\OT1/cmr/m/n/8 (17.931%)|  
 []


Overfull \hbox (2.36115pt too wide) in paragraph at lines 484--484
[]|\OT1/cmr/m/n/8 108.000|  
 []


Overfull \hbox (11.80573pt too wide) in paragraph at lines 484--485
[]|\OT1/cmr/m/n/8 (17.308%)|  
 []


Overfull \hbox (2.36115pt too wide) in paragraph at lines 486--486
[]|\OT1/cmr/m/n/8 264.000|  
 []


Overfull \hbox (11.80573pt too wide) in paragraph at lines 486--486
[]|\OT1/cmr/m/n/8 (26.010%)|  
 []


Overfull \hbox (2.36115pt too wide) in paragraph at lines 486--486
[]|\OT1/cmr/m/n/8 181.000|  
 []


Overfull \hbox (11.80573pt too wide) in paragraph at lines 486--487
[]|\OT1/cmr/m/n/8 (29.006%)|  
 []


Overfull \hbox (2.36115pt too wide) in paragraph at lines 488--488
[]|\OT1/cmr/m/n/8 332.000|  
 []


Overfull \hbox (11.80573pt too wide) in paragraph at lines 488--488
[]|\OT1/cmr/m/n/8 (32.709%)|  
 []


Overfull \hbox (2.36115pt too wide) in paragraph at lines 488--488
[]|\OT1/cmr/m/n/8 188.000|  
 []


Overfull \hbox (11.80573pt too wide) in paragraph at lines 488--489
[]|\OT1/cmr/m/n/8 (30.128%)|  
 []


Overfull \hbox (2.36115pt too wide) in paragraph at lines 490--490
[]|\OT1/cmr/m/n/8 237.000|  
 []


Overfull \hbox (11.80573pt too wide) in paragraph at lines 490--490
[]|\OT1/cmr/m/n/8 (23.350%)|  
 []


Overfull \hbox (2.36115pt too wide) in paragraph at lines 490--490
[]|\OT1/cmr/m/n/8 147.000|  
 []


Overfull \hbox (11.80573pt too wide) in paragraph at lines 490--491
[]|\OT1/cmr/m/n/8 (23.558%)|  
 []


Overfull \hbox (2.36115pt too wide) in paragraph at lines 494--494
[]|\OT1/cmr/m/n/8 625.000|  
 []


Overfull \hbox (11.80573pt too wide) in paragraph at lines 494--494
[]|\OT1/cmr/m/n/8 (60.270%)|  
 []


Overfull \hbox (2.36115pt too wide) in paragraph at lines 494--494
[]|\OT1/cmr/m/n/8 456.000|  
 []


Overfull \hbox (11.80573pt too wide) in paragraph at lines 494--495
[]|\OT1/cmr/m/n/8 (72.038%)|  
 []


Overfull \hbox (2.36115pt too wide) in paragraph at lines 496--496
[]|\OT1/cmr/m/n/8 326.000|  
 []


Overfull \hbox (11.80573pt too wide) in paragraph at lines 496--496
[]|\OT1/cmr/m/n/8 (31.437%)|  
 []


Overfull \hbox (2.36115pt too wide) in paragraph at lines 496--496
[]|\OT1/cmr/m/n/8 131.000|  
 []


Overfull \hbox (11.80573pt too wide) in paragraph at lines 496--497
[]|\OT1/cmr/m/n/8 (20.695%)|  
 []


Overfull \hbox (7.55566pt too wide) in paragraph at lines 498--498
[]|\OT1/cmr/m/n/8 (8.293%)|  
 []


Overfull \hbox (7.55566pt too wide) in paragraph at lines 498--499
[]|\OT1/cmr/m/n/8 (7.267%)|  
 []


Overfull \hbox (4.72229pt too wide) in paragraph at lines 502--503
[]|\OT1/cmr/m/n/8 (10.082)|  
 []


Overfull \hbox (1.41669pt too wide) in paragraph at lines 504--504
[]|\OT1/cmr/m/n/8 (60.000 
 []


Overfull \hbox (1.41669pt too wide) in paragraph at lines 504--504
\OT1/cmr/m/n/8 72.000)|  
 []


Overfull \hbox (1.41669pt too wide) in paragraph at lines 504--505
[]|\OT1/cmr/m/n/8 (64.000 
 []


Overfull \hbox (1.41669pt too wide) in paragraph at lines 504--505
\OT1/cmr/m/n/8 78.000)|  
 []


Overfull \hbox (46.19615pt too wide) in paragraph at lines 434--511
 [][] 
 []


LaTeX Warning: Float too large for page by 23.38362pt on input line 511.

[17] [18pdfTeX warning (ext4): destination with the same identifier (name{table
.1}) has been already used, duplicate ignored
<argument> ...shipout:D \box_use:N \l_shipout_box 
                                                  \__shipout_drop_firstpage_...
l.512 \newpage
              ]
Overfull \hbox (4.72229pt too wide) in paragraph at lines 524--524
[]|\OT1/cmr/m/n/8 (24.823)|  
 []


Overfull \hbox (4.72229pt too wide) in paragraph at lines 524--524
[]|\OT1/cmr/m/n/8 (24.435)|  
 []


Overfull \hbox (4.72229pt too wide) in paragraph at lines 554--554
[]|\OT1/cmr/m/n/8 (17.852)|  
 []


Overfull \hbox (4.72229pt too wide) in paragraph at lines 554--554
[]|\OT1/cmr/m/n/8 (17.826)|  
 []


Overfull \hbox (113.39139pt too wide) in paragraph at lines 518--561
 [][] 
 []

[19pdfTeX warning (ext4): destination with the same identifier (name{table.2}) 
has been already used, duplicate ignored
<argument> ...shipout:D \box_use:N \l_shipout_box 
                                                  \__shipout_drop_firstpage_...
l.563 \blandscape
                 ] [20

] [21]
Underfull \vbox (badness 10000) has occurred while \output is active []

[22] [23]
<combined_utl.png, id=280, 1520.079pt x 939.51pt>
File: combined_utl.png Graphic file (type png)
<use combined_utl.png>
Package pdftex.def Info: combined_utl.png  used on input line 650.
(pdftex.def)             Requested size: 401.50146pt x 248.15182pt.

Overfull \hbox (63.50146pt too wide) in paragraph at lines 650--650
[][]
 []

[24

pdfTeX warning (ext4): destination with the same identifier (name{figure.1}) ha
s been already used, duplicate ignored
<argument> ...shipout:D \box_use:N \l_shipout_box 
                                                  \__shipout_drop_firstpage_...
l.652 \newpage
               <./combined_utl.png>]
<dens_and_sctr.png, id=287, 1520.079pt x 939.51pt>
File: dens_and_sctr.png Graphic file (type png)
<use dens_and_sctr.png>
Package pdftex.def Info: dens_and_sctr.png  used on input line 655.
(pdftex.def)             Requested size: 401.50146pt x 248.15182pt.

Overfull \hbox (63.50146pt too wide) in paragraph at lines 655--655
[][]
 []

[25pdfTeX warning (ext4): destination with the same identifier (name{figure.2})
 has been already used, duplicate ignored
<argument> ...shipout:D \box_use:N \l_shipout_box 
                                                  \__shipout_drop_firstpage_...
l.657 \newpage
               <./dens_and_sctr.png>]
No file Manuscript.bbl.
(./Manuscript.aux)

LaTeX Font Warning: Size substitutions with differences
(Font)              up to 1.0pt have occurred.


LaTeX Warning: There were multiply-defined labels.

Package rerunfilecheck Info: File `Manuscript.out' has not changed.
(rerunfilecheck)             Checksum: B8DA481AC3A1408D6172097624223829;544.
 ) 
Here is how much of TeX's memory you used:
 11146 strings out of 480477
 164456 string characters out of 5897329
 542739 words of memory out of 5000000
 28547 multiletter control sequences out of 15000+600000
 408710 words of font info for 46 fonts, out of 8000000 for 9000
 14 hyphenation exceptions out of 8191
 60i,12n,66p,1791b,480s stack positions out of 5000i,500n,10000p,200000b,80000s
<c:/Users/61413/AppData/Roaming/TinyTeX/texmf-dist/fonts/type1/public/amsfont
s/cm/cmbx10.pfb><c:/Users/61413/AppData/Roaming/TinyTeX/texmf-dist/fonts/type1/
public/amsfonts/cm/cmbx12.pfb><c:/Users/61413/AppData/Roaming/TinyTeX/texmf-dis
t/fonts/type1/public/amsfonts/cm/cmbx8.pfb><c:/Users/61413/AppData/Roaming/Tiny
TeX/texmf-dist/fonts/type1/public/amsfonts/cm/cmbxti10.pfb><c:/Users/61413/AppD
ata/Roaming/TinyTeX/texmf-dist/fonts/type1/public/amsfonts/cm/cmmi10.pfb><c:/Us
ers/61413/AppData/Roaming/TinyTeX/texmf-dist/fonts/type1/public/amsfonts/cm/cmm
i7.pfb><c:/Users/61413/AppData/Roaming/TinyTeX/texmf-dist/fonts/type1/public/am
sfonts/cm/cmr10.pfb><c:/Users/61413/AppData/Roaming/TinyTeX/texmf-dist/fonts/ty
pe1/public/amsfonts/cm/cmr7.pfb><c:/Users/61413/AppData/Roaming/TinyTeX/texmf-d
ist/fonts/type1/public/amsfonts/cm/cmr8.pfb><c:/Users/61413/AppData/Roaming/Tin
yTeX/texmf-dist/fonts/type1/public/amsfonts/cm/cmsy10.pfb><c:/Users/61413/AppDa
ta/Roaming/TinyTeX/texmf-dist/fonts/type1/public/amsfonts/cm/cmsy7.pfb><c:/User
s/61413/AppData/Roaming/TinyTeX/texmf-dist/fonts/type1/public/amsfonts/cm/cmti1
0.pfb><c:/Users/61413/AppData/Roaming/TinyTeX/texmf-dist/fonts/type1/public/ams
fonts/cm/cmti8.pfb><c:/Users/61413/AppData/Roaming/TinyTeX/texmf-dist/fonts/typ
e1/public/amsfonts/cm/cmtt10.pfb>
Output written on Manuscript.pdf (25 pages, 1886888 bytes).
PDF statistics:
 382 PDF objects out of 1000 (max. 8388607)
 319 compressed objects within 4 object streams
 121 named destinations out of 1000 (max. 500000)
 59 words of extra memory for PDF output out of 10000 (max. 10000000)

